0 verbose cli /usr/bin/node /usr/bin/npm
1 info using npm@10.8.2
2 info using node@v20.19.3
3 silly config load:file:/usr/lib/node_modules/npm/npmrc
4 silly config load:file:/home/user/apps/app/.npmrc
5 silly config load:file:/home/user/.npmrc
6 silly config load:file:/usr/etc/npmrc
7 verbose title npm install
8 verbose argv "install"
9 verbose logfile logs-max:10 dir:/home/user/.npm/_logs/2025-09-09T06_22_16_491Z-
10 verbose logfile /home/user/.npm/_logs/2025-09-09T06_22_16_491Z-debug-0.log
11 silly packumentCache heap:530317312 maxSize:132579328 maxEntrySize:66289664
12 silly logfile done cleaning log files
13 silly idealTree buildDeps
14 silly reify moves {}
15 silly audit bulk request {
15 silly audit   '@esbuild/aix-ppc64': [ '0.21.5' ],
15 silly audit   '@esbuild/android-arm': [ '0.21.5' ],
15 silly audit   '@esbuild/android-arm64': [ '0.21.5' ],
15 silly audit   '@esbuild/android-x64': [ '0.21.5' ],
15 silly audit   '@esbuild/darwin-arm64': [ '0.21.5' ],
15 silly audit   '@esbuild/darwin-x64': [ '0.21.5' ],
15 silly audit   '@esbuild/freebsd-arm64': [ '0.21.5' ],
15 silly audit   '@esbuild/freebsd-x64': [ '0.21.5' ],
15 silly audit   '@esbuild/linux-arm': [ '0.21.5' ],
15 silly audit   '@esbuild/linux-arm64': [ '0.21.5' ],
15 silly audit   '@esbuild/linux-ia32': [ '0.21.5' ],
15 silly audit   '@esbuild/linux-loong64': [ '0.21.5' ],
15 silly audit   '@esbuild/linux-mips64el': [ '0.21.5' ],
15 silly audit   '@esbuild/linux-ppc64': [ '0.21.5' ],
15 silly audit   '@esbuild/linux-riscv64': [ '0.21.5' ],
15 silly audit   '@esbuild/linux-s390x': [ '0.21.5' ],
15 silly audit   '@esbuild/linux-x64': [ '0.21.5' ],
15 silly audit   '@esbuild/netbsd-x64': [ '0.21.5' ],
15 silly audit   '@esbuild/openbsd-x64': [ '0.21.5' ],
15 silly audit   '@esbuild/sunos-x64': [ '0.21.5' ],
15 silly audit   '@esbuild/win32-arm64': [ '0.21.5' ],
15 silly audit   '@esbuild/win32-ia32': [ '0.21.5' ],
15 silly audit   '@esbuild/win32-x64': [ '0.21.5' ],
15 silly audit   '@rollup/rollup-android-arm-eabi': [ '4.50.1' ],
15 silly audit   '@rollup/rollup-android-arm64': [ '4.50.1' ],
15 silly audit   '@rollup/rollup-darwin-arm64': [ '4.50.1' ],
15 silly audit   '@rollup/rollup-darwin-x64': [ '4.50.1' ],
15 silly audit   '@rollup/rollup-freebsd-arm64': [ '4.50.1' ],
15 silly audit   '@rollup/rollup-freebsd-x64': [ '4.50.1' ],
15 silly audit   '@rollup/rollup-linux-arm-gnueabihf': [ '4.50.1' ],
15 silly audit   '@rollup/rollup-linux-arm-musleabihf': [ '4.50.1' ],
15 silly audit   '@rollup/rollup-linux-arm64-gnu': [ '4.50.1' ],
15 silly audit   '@rollup/rollup-linux-arm64-musl': [ '4.50.1' ],
15 silly audit   '@rollup/rollup-linux-loongarch64-gnu': [ '4.50.1' ],
15 silly audit   '@rollup/rollup-linux-ppc64-gnu': [ '4.50.1' ],
15 silly audit   '@rollup/rollup-linux-riscv64-gnu': [ '4.50.1' ],
15 silly audit   '@rollup/rollup-linux-riscv64-musl': [ '4.50.1' ],
15 silly audit   '@rollup/rollup-linux-s390x-gnu': [ '4.50.1' ],
15 silly audit   '@rollup/rollup-linux-x64-gnu': [ '4.50.1' ],
15 silly audit   '@rollup/rollup-linux-x64-musl': [ '4.50.1' ],
15 silly audit   '@rollup/rollup-openharmony-arm64': [ '4.50.1' ],
15 silly audit   '@rollup/rollup-win32-arm64-msvc': [ '4.50.1' ],
15 silly audit   '@rollup/rollup-win32-ia32-msvc': [ '4.50.1' ],
15 silly audit   '@rollup/rollup-win32-x64-msvc': [ '4.50.1' ],
15 silly audit   '@types/estree': [ '1.0.8' ],
15 silly audit   esbuild: [ '0.21.5' ],
15 silly audit   fsevents: [ '2.3.3' ],
15 silly audit   nanoid: [ '3.3.11' ],
15 silly audit   picocolors: [ '1.1.1' ],
15 silly audit   postcss: [ '8.5.6' ],
15 silly audit   rollup: [ '4.50.1' ],
15 silly audit   'source-map-js': [ '1.2.1' ],
15 silly audit   vite: [ '5.4.20' ]
15 silly audit }
16 verbose reify failed optional dependency /home/user/apps/app/node_modules/fsevents
17 silly reify mark deleted [ '/home/user/apps/app/node_modules/fsevents' ]
18 verbose reify failed optional dependency /home/user/apps/app/node_modules/@rollup/rollup-win32-x64-msvc
19 silly reify mark deleted [ '/home/user/apps/app/node_modules/@rollup/rollup-win32-x64-msvc' ]
20 verbose reify failed optional dependency /home/user/apps/app/node_modules/@rollup/rollup-win32-ia32-msvc
21 silly reify mark deleted [ '/home/user/apps/app/node_modules/@rollup/rollup-win32-ia32-msvc' ]
22 verbose reify failed optional dependency /home/user/apps/app/node_modules/@rollup/rollup-win32-arm64-msvc
23 silly reify mark deleted [ '/home/user/apps/app/node_modules/@rollup/rollup-win32-arm64-msvc' ]
24 verbose reify failed optional dependency /home/user/apps/app/node_modules/@rollup/rollup-openharmony-arm64
25 silly reify mark deleted [ '/home/user/apps/app/node_modules/@rollup/rollup-openharmony-arm64' ]
26 verbose reify failed optional dependency /home/user/apps/app/node_modules/@rollup/rollup-linux-s390x-gnu
27 silly reify mark deleted [ '/home/user/apps/app/node_modules/@rollup/rollup-linux-s390x-gnu' ]
28 verbose reify failed optional dependency /home/user/apps/app/node_modules/@rollup/rollup-linux-riscv64-musl
29 silly reify mark deleted [
29 silly reify   '/home/user/apps/app/node_modules/@rollup/rollup-linux-riscv64-musl'
29 silly reify ]
30 verbose reify failed optional dependency /home/user/apps/app/node_modules/@rollup/rollup-linux-riscv64-gnu
31 silly reify mark deleted [ '/home/user/apps/app/node_modules/@rollup/rollup-linux-riscv64-gnu' ]
32 verbose reify failed optional dependency /home/user/apps/app/node_modules/@rollup/rollup-linux-ppc64-gnu
33 silly reify mark deleted [ '/home/user/apps/app/node_modules/@rollup/rollup-linux-ppc64-gnu' ]
34 verbose reify failed optional dependency /home/user/apps/app/node_modules/@rollup/rollup-linux-loongarch64-gnu
35 silly reify mark deleted [
35 silly reify   '/home/user/apps/app/node_modules/@rollup/rollup-linux-loongarch64-gnu'
35 silly reify ]
36 verbose reify failed optional dependency /home/user/apps/app/node_modules/@rollup/rollup-linux-arm64-musl
37 silly reify mark deleted [ '/home/user/apps/app/node_modules/@rollup/rollup-linux-arm64-musl' ]
38 verbose reify failed optional dependency /home/user/apps/app/node_modules/@rollup/rollup-linux-arm64-gnu
39 silly reify mark deleted [ '/home/user/apps/app/node_modules/@rollup/rollup-linux-arm64-gnu' ]
40 verbose reify failed optional dependency /home/user/apps/app/node_modules/@rollup/rollup-linux-arm-musleabihf
41 silly reify mark deleted [
41 silly reify   '/home/user/apps/app/node_modules/@rollup/rollup-linux-arm-musleabihf'
41 silly reify ]
42 verbose reify failed optional dependency /home/user/apps/app/node_modules/@rollup/rollup-linux-arm-gnueabihf
43 silly reify mark deleted [
43 silly reify   '/home/user/apps/app/node_modules/@rollup/rollup-linux-arm-gnueabihf'
43 silly reify ]
44 verbose reify failed optional dependency /home/user/apps/app/node_modules/@rollup/rollup-freebsd-x64
45 silly reify mark deleted [ '/home/user/apps/app/node_modules/@rollup/rollup-freebsd-x64' ]
46 verbose reify failed optional dependency /home/user/apps/app/node_modules/@rollup/rollup-freebsd-arm64
47 silly reify mark deleted [ '/home/user/apps/app/node_modules/@rollup/rollup-freebsd-arm64' ]
48 verbose reify failed optional dependency /home/user/apps/app/node_modules/@rollup/rollup-darwin-x64
49 silly reify mark deleted [ '/home/user/apps/app/node_modules/@rollup/rollup-darwin-x64' ]
50 verbose reify failed optional dependency /home/user/apps/app/node_modules/@rollup/rollup-darwin-arm64
51 silly reify mark deleted [ '/home/user/apps/app/node_modules/@rollup/rollup-darwin-arm64' ]
52 verbose reify failed optional dependency /home/user/apps/app/node_modules/@rollup/rollup-android-arm64
53 silly reify mark deleted [ '/home/user/apps/app/node_modules/@rollup/rollup-android-arm64' ]
54 verbose reify failed optional dependency /home/user/apps/app/node_modules/@rollup/rollup-android-arm-eabi
55 silly reify mark deleted [ '/home/user/apps/app/node_modules/@rollup/rollup-android-arm-eabi' ]
56 verbose reify failed optional dependency /home/user/apps/app/node_modules/@esbuild/win32-x64
57 silly reify mark deleted [ '/home/user/apps/app/node_modules/@esbuild/win32-x64' ]
58 verbose reify failed optional dependency /home/user/apps/app/node_modules/@esbuild/win32-ia32
59 silly reify mark deleted [ '/home/user/apps/app/node_modules/@esbuild/win32-ia32' ]
60 verbose reify failed optional dependency /home/user/apps/app/node_modules/@esbuild/win32-arm64
61 silly reify mark deleted [ '/home/user/apps/app/node_modules/@esbuild/win32-arm64' ]
62 verbose reify failed optional dependency /home/user/apps/app/node_modules/@esbuild/sunos-x64
63 silly reify mark deleted [ '/home/user/apps/app/node_modules/@esbuild/sunos-x64' ]
64 verbose reify failed optional dependency /home/user/apps/app/node_modules/@esbuild/openbsd-x64
65 silly reify mark deleted [ '/home/user/apps/app/node_modules/@esbuild/openbsd-x64' ]
66 verbose reify failed optional dependency /home/user/apps/app/node_modules/@esbuild/netbsd-x64
67 silly reify mark deleted [ '/home/user/apps/app/node_modules/@esbuild/netbsd-x64' ]
68 verbose reify failed optional dependency /home/user/apps/app/node_modules/@esbuild/linux-s390x
69 silly reify mark deleted [ '/home/user/apps/app/node_modules/@esbuild/linux-s390x' ]
70 verbose reify failed optional dependency /home/user/apps/app/node_modules/@esbuild/linux-riscv64
71 silly reify mark deleted [ '/home/user/apps/app/node_modules/@esbuild/linux-riscv64' ]
72 verbose reify failed optional dependency /home/user/apps/app/node_modules/@esbuild/linux-ppc64
73 silly reify mark deleted [ '/home/user/apps/app/node_modules/@esbuild/linux-ppc64' ]
74 verbose reify failed optional dependency /home/user/apps/app/node_modules/@esbuild/linux-mips64el
75 silly reify mark deleted [ '/home/user/apps/app/node_modules/@esbuild/linux-mips64el' ]
76 verbose reify failed optional dependency /home/user/apps/app/node_modules/@esbuild/linux-loong64
77 silly reify mark deleted [ '/home/user/apps/app/node_modules/@esbuild/linux-loong64' ]
78 verbose reify failed optional dependency /home/user/apps/app/node_modules/@esbuild/linux-ia32
79 silly reify mark deleted [ '/home/user/apps/app/node_modules/@esbuild/linux-ia32' ]
80 verbose reify failed optional dependency /home/user/apps/app/node_modules/@esbuild/linux-arm64
81 silly reify mark deleted [ '/home/user/apps/app/node_modules/@esbuild/linux-arm64' ]
82 verbose reify failed optional dependency /home/user/apps/app/node_modules/@esbuild/linux-arm
83 silly reify mark deleted [ '/home/user/apps/app/node_modules/@esbuild/linux-arm' ]
84 verbose reify failed optional dependency /home/user/apps/app/node_modules/@esbuild/freebsd-x64
85 silly reify mark deleted [ '/home/user/apps/app/node_modules/@esbuild/freebsd-x64' ]
86 verbose reify failed optional dependency /home/user/apps/app/node_modules/@esbuild/freebsd-arm64
87 silly reify mark deleted [ '/home/user/apps/app/node_modules/@esbuild/freebsd-arm64' ]
88 verbose reify failed optional dependency /home/user/apps/app/node_modules/@esbuild/darwin-x64
89 silly reify mark deleted [ '/home/user/apps/app/node_modules/@esbuild/darwin-x64' ]
90 verbose reify failed optional dependency /home/user/apps/app/node_modules/@esbuild/darwin-arm64
91 silly reify mark deleted [ '/home/user/apps/app/node_modules/@esbuild/darwin-arm64' ]
92 verbose reify failed optional dependency /home/user/apps/app/node_modules/@esbuild/android-x64
93 silly reify mark deleted [ '/home/user/apps/app/node_modules/@esbuild/android-x64' ]
94 verbose reify failed optional dependency /home/user/apps/app/node_modules/@esbuild/android-arm64
95 silly reify mark deleted [ '/home/user/apps/app/node_modules/@esbuild/android-arm64' ]
96 verbose reify failed optional dependency /home/user/apps/app/node_modules/@esbuild/android-arm
97 silly reify mark deleted [ '/home/user/apps/app/node_modules/@esbuild/android-arm' ]
98 verbose reify failed optional dependency /home/user/apps/app/node_modules/@esbuild/aix-ppc64
99 silly reify mark deleted [ '/home/user/apps/app/node_modules/@esbuild/aix-ppc64' ]
100 silly tarball no local data for vite@https://registry.npmjs.org/vite/-/vite-5.4.20.tgz. Extracting by manifest.
101 silly tarball no local data for source-map-js@https://registry.npmjs.org/source-map-js/-/source-map-js-1.2.1.tgz. Extracting by manifest.
102 silly tarball no local data for rollup@https://registry.npmjs.org/rollup/-/rollup-4.50.1.tgz. Extracting by manifest.
103 silly tarball no local data for picocolors@https://registry.npmjs.org/picocolors/-/picocolors-1.1.1.tgz. Extracting by manifest.
104 silly tarball no local data for postcss@https://registry.npmjs.org/postcss/-/postcss-8.5.6.tgz. Extracting by manifest.
105 silly tarball no local data for esbuild@https://registry.npmjs.org/esbuild/-/esbuild-0.21.5.tgz. Extracting by manifest.
106 silly tarball no local data for nanoid@https://registry.npmjs.org/nanoid/-/nanoid-3.3.11.tgz. Extracting by manifest.
107 silly tarball no local data for @types/estree@https://registry.npmjs.org/@types/estree/-/estree-1.0.8.tgz. Extracting by manifest.
108 silly tarball no local data for @rollup/rollup-linux-x64-musl@https://registry.npmjs.org/@rollup/rollup-linux-x64-musl/-/rollup-linux-x64-musl-4.50.1.tgz. Extracting by manifest.
109 silly tarball no local data for @rollup/rollup-linux-x64-gnu@https://registry.npmjs.org/@rollup/rollup-linux-x64-gnu/-/rollup-linux-x64-gnu-4.50.1.tgz. Extracting by manifest.
110 silly tarball no local data for @esbuild/linux-x64@https://registry.npmjs.org/@esbuild/linux-x64/-/linux-x64-0.21.5.tgz. Extracting by manifest.
111 http fetch POST 200 https://registry.npmjs.org/-/npm/v1/security/advisories/bulk 225ms
112 silly audit report {
112 silly audit report   esbuild: [
112 silly audit report     {
112 silly audit report       id: 1102341,
112 silly audit report       url: 'https://github.com/advisories/GHSA-67mh-4wv8-2f99',
112 silly audit report       title: 'esbuild enables any website to send any requests to the development server and read the response',
112 silly audit report       severity: 'moderate',
112 silly audit report       vulnerable_versions: '<=0.24.2',
112 silly audit report       cwe: [Array],
112 silly audit report       cvss: [Object]
112 silly audit report     }
112 silly audit report   ]
112 silly audit report }
113 silly packumentCache corgi:https://registry.npmjs.org/esbuild cache-miss
114 http fetch GET 200 https://registry.npmjs.org/npm 410ms
115 http fetch GET 200 https://registry.npmjs.org/@types/estree/-/estree-1.0.8.tgz 612ms (cache miss)
116 http fetch GET 200 https://registry.npmjs.org/picocolors/-/picocolors-1.1.1.tgz 625ms (cache miss)
117 http fetch GET 200 https://registry.npmjs.org/nanoid/-/nanoid-3.3.11.tgz 692ms (cache miss)
118 http fetch GET 200 https://registry.npmjs.org/esbuild/-/esbuild-0.21.5.tgz 772ms (cache miss)
119 http fetch GET 200 https://registry.npmjs.org/source-map-js/-/source-map-js-1.2.1.tgz 809ms (cache miss)
120 http fetch GET 200 https://registry.npmjs.org/postcss/-/postcss-8.5.6.tgz 888ms (cache miss)
121 http fetch GET 200 https://registry.npmjs.org/esbuild 778ms (cache miss)
122 silly packumentCache corgi:https://registry.npmjs.org/esbuild set size:undefined disposed:false
123 silly packumentCache corgi:https://registry.npmjs.org/vite cache-miss
124 http fetch GET 200 https://registry.npmjs.org/@rollup/rollup-linux-x64-gnu/-/rollup-linux-x64-gnu-4.50.1.tgz 1103ms (cache miss)
125 http fetch GET 200 https://registry.npmjs.org/@rollup/rollup-linux-x64-musl/-/rollup-linux-x64-musl-4.50.1.tgz 1107ms (cache miss)
126 http fetch GET 200 https://registry.npmjs.org/rollup/-/rollup-4.50.1.tgz 1240ms (cache miss)
127 http fetch GET 200 https://registry.npmjs.org/vite/-/vite-5.4.20.tgz 1278ms (cache miss)
128 http fetch GET 200 https://registry.npmjs.org/vite 331ms (cache miss)
129 silly packumentCache corgi:https://registry.npmjs.org/vite set size:undefined disposed:false
130 http fetch GET 200 https://registry.npmjs.org/@esbuild/linux-x64/-/linux-x64-0.21.5.tgz 1748ms (cache miss)
131 info run esbuild@0.21.5 postinstall node_modules/esbuild node install.js
132 info run esbuild@0.21.5 postinstall { code: 0, signal: null }
133 silly ADD node_modules/vite
134 silly ADD node_modules/source-map-js
135 silly ADD node_modules/rollup
136 silly ADD node_modules/postcss
137 silly ADD node_modules/picocolors
138 silly ADD node_modules/nanoid
139 silly ADD
140 silly ADD node_modules/esbuild
141 silly ADD node_modules/@types/estree
142 silly ADD
143 silly ADD
144 silly ADD
145 silly ADD
146 silly ADD node_modules/@rollup/rollup-linux-x64-musl
147 silly ADD node_modules/@rollup/rollup-linux-x64-gnu
148 silly ADD
149 silly ADD
150 silly ADD
151 silly ADD
152 silly ADD
153 silly ADD
154 silly ADD
155 silly ADD
156 silly ADD
157 silly ADD
158 silly ADD
159 silly ADD
160 silly ADD
161 silly ADD
162 silly ADD
163 silly ADD
164 silly ADD
165 silly ADD
166 silly ADD
167 silly ADD
168 silly ADD
169 silly ADD node_modules/@esbuild/linux-x64
170 silly ADD
171 silly ADD
172 silly ADD
173 silly ADD
174 silly ADD
175 silly ADD
176 silly ADD
177 silly ADD
178 silly ADD
179 silly ADD
180 silly ADD
181 silly ADD
182 silly ADD
183 silly ADD
184 silly ADD
185 silly ADD
186 verbose cwd /home/user/apps/app
187 verbose os Linux 6.1.102
188 verbose node v20.19.3
189 verbose npm  v10.8.2
190 notice
190 notice New major version of npm available! 10.8.2 -> 11.6.0
190 notice Changelog: https://github.com/npm/cli/releases/tag/v11.6.0
190 notice To update run: npm install -g npm@11.6.0
190 notice  { force: true, [Symbol(proc-log.meta)]: true }
191 verbose exit 0
192 info ok
